<?xml version="1.0" encoding="UTF-8"?>
<!-- Generated by org.testng.reporters.JUnitReportReporter -->
<testsuite hostname="DESKTOP-O2MGJE7" failures="0" tests="1" name="scripts.TestCase3" time="0.009" errors="0" timestamp="2023-01-07T18:29:48 IST" skipped="0">
  <testcase classname="scripts.TestCase3" name="test3" time="0.009"/>
  <system-out>
    <![CDATA[hello API ]]>
  </system-out>
</testsuite> <!-- scripts.TestCase3 -->
