<?xml version="1.0" encoding="UTF-8"?>
<!-- Generated by org.testng.reporters.JUnitReportReporter -->
<testsuite hostname="DESKTOP-O2MGJE7" failures="0" tests="1" name="scripts.TestCase4" time="0.007" errors="0" timestamp="2023-01-07T18:29:48 IST" skipped="0">
  <testcase classname="scripts.TestCase4" name="tc4" time="0.007"/>
  <system-out>
    <![CDATA[hello TestNG ]]>
  </system-out>
</testsuite> <!-- scripts.TestCase4 -->
