<?xml version="1.0" encoding="UTF-8"?>
<!-- Generated by org.testng.reporters.JUnitReportReporter -->
<testsuite hostname="DESKTOP-O2MGJE7" failures="0" tests="1" name="scripts.TestCase1" time="0.029" errors="0" timestamp="2023-01-07T18:29:48 IST" skipped="0">
  <testcase classname="scripts.TestCase1" name="test1" time="0.029"/>
  <system-out>
    <![CDATA[hello java ]]>
  </system-out>
</testsuite> <!-- scripts.TestCase1 -->
